Performing C SOURCE FILE Test CMAKE_HAVE_LIBC_PTHREAD failed with the following output:
Change Dir: /home/florian/catkin_ws/src/bathymetric_slam/cmake-build-debug/CMakeFiles/CMakeTmp

Run Build Command(s):/usr/bin/make cmTC_afebc/fast && /usr/bin/make -f CMakeFiles/cmTC_afebc.dir/build.make CMakeFiles/cmTC_afebc.dir/build
make[1]: Entering directory '/home/florian/catkin_ws/src/bathymetric_slam/cmake-build-debug/CMakeFiles/CMakeTmp'
Building C object CMakeFiles/cmTC_afebc.dir/src.c.o
/usr/bin/cc   -std=c99 -O3 -fPIC -DCMAKE_HAVE_LIBC_PTHREAD   -o CMakeFiles/cmTC_afebc.dir/src.c.o   -c /home/florian/catkin_ws/src/bathymetric_slam/cmake-build-debug/CMakeFiles/CMakeTmp/src.c
Linking C executable cmTC_afebc
/home/florian/Programme/jetbrain/clion-2019.3.5/bin/cmake/linux/bin/cmake -E cmake_link_script CMakeFiles/cmTC_afebc.dir/link.txt --verbose=1
/usr/bin/cc  -std=c99 -O3 -fPIC -DCMAKE_HAVE_LIBC_PTHREAD    -rdynamic CMakeFiles/cmTC_afebc.dir/src.c.o  -o cmTC_afebc 
CMakeFiles/cmTC_afebc.dir/src.c.o: In function `main':
src.c:(.text.startup+0x23): undefined reference to `pthread_create'
src.c:(.text.startup+0x2c): undefined reference to `pthread_detach'
src.c:(.text.startup+0x37): undefined reference to `pthread_join'
src.c:(.text.startup+0x42): undefined reference to `pthread_atfork'
collect2: error: ld returned 1 exit status
CMakeFiles/cmTC_afebc.dir/build.make:86: recipe for target 'cmTC_afebc' failed
make[1]: *** [cmTC_afebc] Error 1
make[1]: Leaving directory '/home/florian/catkin_ws/src/bathymetric_slam/cmake-build-debug/CMakeFiles/CMakeTmp'
Makefile:121: recipe for target 'cmTC_afebc/fast' failed
make: *** [cmTC_afebc/fast] Error 2


Source file was:
#include <pthread.h>

void* test_func(void* data)
{
  return data;
}

int main(void)
{
  pthread_t thread;
  pthread_create(&thread, NULL, test_func, NULL);
  pthread_detach(thread);
  pthread_join(thread, NULL);
  pthread_atfork(NULL, NULL, NULL);
  pthread_exit(NULL);

  return 0;
}

Determining if the function pthread_create exists in the pthreads failed with the following output:
Change Dir: /home/florian/catkin_ws/src/bathymetric_slam/cmake-build-debug/CMakeFiles/CMakeTmp

Run Build Command(s):/usr/bin/make cmTC_2c7f8/fast && /usr/bin/make -f CMakeFiles/cmTC_2c7f8.dir/build.make CMakeFiles/cmTC_2c7f8.dir/build
make[1]: Entering directory '/home/florian/catkin_ws/src/bathymetric_slam/cmake-build-debug/CMakeFiles/CMakeTmp'
Building C object CMakeFiles/cmTC_2c7f8.dir/CheckFunctionExists.c.o
/usr/bin/cc   -std=c99 -O3 -fPIC -DCHECK_FUNCTION_EXISTS=pthread_create   -o CMakeFiles/cmTC_2c7f8.dir/CheckFunctionExists.c.o   -c /home/florian/Programme/jetbrain/clion-2019.3.5/bin/cmake/linux/share/cmake-3.15/Modules/CheckFunctionExists.c
Linking C executable cmTC_2c7f8
/home/florian/Programme/jetbrain/clion-2019.3.5/bin/cmake/linux/bin/cmake -E cmake_link_script CMakeFiles/cmTC_2c7f8.dir/link.txt --verbose=1
/usr/bin/cc  -std=c99 -O3 -fPIC -DCHECK_FUNCTION_EXISTS=pthread_create    -rdynamic CMakeFiles/cmTC_2c7f8.dir/CheckFunctionExists.c.o  -o cmTC_2c7f8 -lpthreads 
/usr/bin/ld: cannot find -lpthreads
collect2: error: ld returned 1 exit status
CMakeFiles/cmTC_2c7f8.dir/build.make:86: recipe for target 'cmTC_2c7f8' failed
make[1]: *** [cmTC_2c7f8] Error 1
make[1]: Leaving directory '/home/florian/catkin_ws/src/bathymetric_slam/cmake-build-debug/CMakeFiles/CMakeTmp'
Makefile:121: recipe for target 'cmTC_2c7f8/fast' failed
make: *** [cmTC_2c7f8/fast] Error 2



